#-----------------------------------------------------------
# Vivado v2019.2 (64-bit)
# SW Build 2708876 on Wed Nov  6 21:40:23 MST 2019
# IP Build 2700528 on Thu Nov  7 00:09:20 MST 2019
# Start of session at: Mon May 27 08:38:37 2024
# Process ID: 5668
# Current directory: C:/Users/IRZ/AppData/Roaming/Xilinx/Vivado/OQPSK
# Command line: vivado.exe -mode tcl -source C:/Temp/sysgentmp-IRZ/2540//tmp_b5ac915e48.tcl
# Log file: C:/Users/IRZ/AppData/Roaming/Xilinx/Vivado/OQPSK/vivado.log
# Journal file: C:/Users/IRZ/AppData/Roaming/Xilinx/Vivado/OQPSK\vivado.jou
#-----------------------------------------------------------
source C:/Temp/sysgentmp-IRZ/2540//tmp_b5ac915e48.tcl
# load librdi_sysgentasks[info sharedlibextension]  
# internal::sysgen_cmd::start_sharedmemory -channel_type SharedMemory -ppid 2540 -descriptor sgproxy2540_66540e24 
current_fileset: Time (s): cpu = 00:00:03 ; elapsed = 00:00:36 . Memory (MB): peak = 374.184 ; gain = 67.926
Wrote  : <C:\Users\IRZ\AppData\Roaming\Xilinx\Vivado\OQPSK\.srcs\sources_1\bd\sysgen_diagram\sysgen_diagram.bd> 
create_bd_design: Time (s): cpu = 00:00:03 ; elapsed = 00:01:51 . Memory (MB): peak = 420.531 ; gain = 46.348
create_bd_cell: Time (s): cpu = 00:00:18 ; elapsed = 00:00:27 . Memory (MB): peak = 481.148 ; gain = 60.617
WARNING: [BD 41-1753] The name 'fir_compiler_7_2_77c71b3a61' you have specified is long. The Windows OS has path length limitations. It is recommended you use shorter names(less than 25 characters) to reduce the likelihood of issues when/if running on windows OS.
WARNING: [BD 41-1753] The name 'dds_compiler_6_0_d0132f17e3' you have specified is long. The Windows OS has path length limitations. It is recommended you use shorter names(less than 25 characters) to reduce the likelihood of issues when/if running on windows OS.
WARNING: [BD 41-1753] The name 'cic_compiler_4_0_ebf994fa77' you have specified is long. The Windows OS has path length limitations. It is recommended you use shorter names(less than 25 characters) to reduce the likelihood of issues when/if running on windows OS.
